0 verbose cli C:\Program Files\nodejs\node.exe C:\Users\KEERTHI\AppData\Roaming\npm\node_modules\npm\bin\npm-cli.js
1 info using npm@11.0.0
2 info using node@v22.12.0
3 silly config load:file:C:\Users\KEERTHI\AppData\Roaming\npm\node_modules\npm\npmrc
4 silly config load:file:C:\ChatApp\backend\.npmrc
5 silly config load:file:C:\Users\KEERTHI\.npmrc
6 silly config load:file:C:\Users\KEERTHI\AppData\Roaming\npm\etc\npmrc
7 verbose title npm i dotenv
8 verbose argv "i" "dotenv"
9 verbose logfile logs-max:10 dir:C:\ChatApp\backend\UsersKEERTHIAppDataRoamingnpm-cache\_logs\2025-01-17T04_21_10_906Z-
10 verbose logfile C:\ChatApp\backend\UsersKEERTHIAppDataRoamingnpm-cache\_logs\2025-01-17T04_21_10_906Z-debug-0.log
11 silly logfile done cleaning log files
12 silly packumentCache heap:2197815296 maxSize:549453824 maxEntrySize:274726912
13 silly idealTree buildDeps
14 silly fetch manifest dotenv@^16.4.7
15 silly packumentCache full:https://registry.npmjs.org/dotenv cache-miss
16 http fetch GET 200 https://registry.npmjs.org/dotenv 364ms (cache updated)
17 silly packumentCache full:https://registry.npmjs.org/dotenv set size:undefined disposed:false
18 silly placeDep ROOT dotenv@16.4.7 REPLACE for: backend@1.0.0 want: ^16.4.7
19 silly reify moves {}
20 silly audit bulk request {
20 silly audit   '@mapbox/node-pre-gyp': [ '1.0.11' ],
20 silly audit   '@mongodb-js/saslprep': [ '1.1.9' ],
20 silly audit   '@socket.io/component-emitter': [ '3.1.2' ],
20 silly audit   '@types/cookie': [ '0.4.1' ],
20 silly audit   '@types/cors': [ '2.8.17' ],
20 silly audit   '@types/node': [ '22.10.7' ],
20 silly audit   '@types/webidl-conversions': [ '7.0.3' ],
20 silly audit   '@types/whatwg-url': [ '11.0.5' ],
20 silly audit   abbrev: [ '1.1.1' ],
20 silly audit   accepts: [ '1.3.8' ],
20 silly audit   'agent-base': [ '6.0.2' ],
20 silly audit   debug: [ '4.4.0', '2.6.9', '4.3.7' ],
20 silly audit   ms: [ '2.1.3', '2.0.0' ],
20 silly audit   'ansi-regex': [ '5.0.1' ],
20 silly audit   aproba: [ '2.0.0' ],
20 silly audit   'are-we-there-yet': [ '2.0.0' ],
20 silly audit   'array-flatten': [ '1.1.1' ],
20 silly audit   'balanced-match': [ '1.0.2' ],
20 silly audit   base64id: [ '2.0.0' ],
20 silly audit   bcrypt: [ '5.1.1' ],
20 silly audit   bcryptjs: [ '2.4.3' ],
20 silly audit   'body-parser': [ '1.20.3' ],
20 silly audit   'brace-expansion': [ '1.1.11' ],
20 silly audit   bson: [ '6.10.1' ],
20 silly audit   'buffer-equal-constant-time': [ '1.0.1' ],
20 silly audit   bytes: [ '3.1.2' ],
20 silly audit   'call-bind-apply-helpers': [ '1.0.1' ],
20 silly audit   'call-bound': [ '1.0.3' ],
20 silly audit   chownr: [ '2.0.0' ],
20 silly audit   'color-support': [ '1.1.3' ],
20 silly audit   'concat-map': [ '0.0.1' ],
20 silly audit   'console-control-strings': [ '1.1.0' ],
20 silly audit   'content-disposition': [ '0.5.4' ],
20 silly audit   'content-type': [ '1.0.5' ],
20 silly audit   cookie: [ '0.7.1', '0.7.2' ],
20 silly audit   'cookie-signature': [ '1.0.6' ],
20 silly audit   cors: [ '2.8.5' ],
20 silly audit   delegates: [ '1.0.0' ],
20 silly audit   depd: [ '2.0.0' ],
20 silly audit   destroy: [ '1.2.0' ],
20 silly audit   'detect-libc': [ '2.0.3' ],
20 silly audit   'dunder-proto': [ '1.0.1' ],
20 silly audit   'ecdsa-sig-formatter': [ '1.0.11' ],
20 silly audit   'ee-first': [ '1.1.1' ],
20 silly audit   'emoji-regex': [ '8.0.0' ],
20 silly audit   encodeurl: [ '2.0.0', '1.0.2' ],
20 silly audit   'engine.io': [ '6.6.2' ],
20 silly audit   'engine.io-parser': [ '5.2.3' ],
20 silly audit   'es-define-property': [ '1.0.1' ],
20 silly audit   'es-errors': [ '1.3.0' ],
20 silly audit   'es-object-atoms': [ '1.1.1' ],
20 silly audit   'escape-html': [ '1.0.3' ],
20 silly audit   etag: [ '1.8.1' ],
20 silly audit   express: [ '4.21.2' ],
20 silly audit   finalhandler: [ '1.3.1' ],
20 silly audit   forwarded: [ '0.2.0' ],
20 silly audit   fresh: [ '0.5.2' ],
20 silly audit   'fs-minipass': [ '2.1.0' ],
20 silly audit   minipass: [ '3.3.6', '5.0.0' ],
20 silly audit   'fs.realpath': [ '1.0.0' ],
20 silly audit   'function-bind': [ '1.1.2' ],
20 silly audit   gauge: [ '3.0.2' ],
20 silly audit   'get-intrinsic': [ '1.2.7' ],
20 silly audit   'get-proto': [ '1.0.1' ],
20 silly audit   glob: [ '7.2.3' ],
20 silly audit   gopd: [ '1.2.0' ],
20 silly audit   'has-symbols': [ '1.1.0' ],
20 silly audit   'has-unicode': [ '2.0.1' ],
20 silly audit   hasown: [ '2.0.2' ],
20 silly audit   'http-errors': [ '2.0.0' ],
20 silly audit   'https-proxy-agent': [ '5.0.1' ],
20 silly audit   'iconv-lite': [ '0.4.24' ],
20 silly audit   inflight: [ '1.0.6' ],
20 silly audit   inherits: [ '2.0.4' ],
20 silly audit   'ipaddr.js': [ '1.9.1' ],
20 silly audit   'is-fullwidth-code-point': [ '3.0.0' ],
20 silly audit   jsonwebtoken: [ '9.0.2' ],
20 silly audit   jwa: [ '1.4.1' ],
20 silly audit   jws: [ '3.2.2' ],
20 silly audit   kareem: [ '2.6.3' ],
20 silly audit   'lodash.includes': [ '4.3.0' ],
20 silly audit   'lodash.isboolean': [ '3.0.3' ],
20 silly audit   'lodash.isinteger': [ '4.0.4' ],
20 silly audit   'lodash.isnumber': [ '3.0.3' ],
20 silly audit   'lodash.isplainobject': [ '4.0.6' ],
20 silly audit   'lodash.isstring': [ '4.0.1' ],
20 silly audit   'lodash.once': [ '4.1.1' ],
20 silly audit   'make-dir': [ '3.1.0' ],
20 silly audit   semver: [ '6.3.1', '7.6.3' ],
20 silly audit   'math-intrinsics': [ '1.1.0' ],
20 silly audit   'media-typer': [ '0.3.0' ],
20 silly audit   'memory-pager': [ '1.5.0' ],
20 silly audit   'merge-descriptors': [ '1.0.3' ],
20 silly audit   methods: [ '1.1.2' ],
20 silly audit   mime: [ '1.6.0' ],
20 silly audit   'mime-db': [ '1.52.0' ],
20 silly audit   'mime-types': [ '2.1.35' ],
20 silly audit   minimatch: [ '3.1.2' ],
20 silly audit   minizlib: [ '2.1.2' ],
20 silly audit   mkdirp: [ '1.0.4' ],
20 silly audit   mongodb: [ '6.12.0' ],
20 silly audit   'mongodb-connection-string-url': [ '3.0.2' ],
20 silly audit   tr46: [ '5.0.0', '0.0.3' ],
20 silly audit   'webidl-conversions': [ '7.0.0', '3.0.1' ],
20 silly audit   'whatwg-url': [ '14.1.0', '5.0.0' ],
20 silly audit   mongoose: [ '8.9.5' ],
20 silly audit   mpath: [ '0.9.0' ],
20 silly audit   mquery: [ '5.0.0' ],
20 silly audit   negotiator: [ '0.6.3' ],
20 silly audit   'node-addon-api': [ '5.1.0' ],
20 silly audit   'node-fetch': [ '2.7.0' ],
20 silly audit   nopt: [ '5.0.0' ],
20 silly audit   npmlog: [ '5.0.1' ],
20 silly audit   'object-assign': [ '4.1.1' ],
20 silly audit   'object-inspect': [ '1.13.3' ],
20 silly audit   'on-finished': [ '2.4.1' ],
20 silly audit   once: [ '1.4.0' ],
20 silly audit   parseurl: [ '1.3.3' ],
20 silly audit   'path-is-absolute': [ '1.0.1' ],
20 silly audit   'path-to-regexp': [ '0.1.12' ],
20 silly audit   'proxy-addr': [ '2.0.7' ],
20 silly audit   punycode: [ '2.3.1' ],
20 silly audit   qs: [ '6.13.0' ],
20 silly audit   'range-parser': [ '1.2.1' ],
20 silly audit   'raw-body': [ '2.5.2' ],
20 silly audit   'readable-stream': [ '3.6.2' ],
20 silly audit   rimraf: [ '3.0.2' ],
20 silly audit   'safe-buffer': [ '5.2.1' ],
20 silly audit   'safer-buffer': [ '2.1.2' ],
20 silly audit   send: [ '0.19.0' ],
20 silly audit   'serve-static': [ '1.16.2' ],
20 silly audit   'set-blocking': [ '2.0.0' ],
20 silly audit   setprototypeof: [ '1.2.0' ],
20 silly audit   'side-channel': [ '1.1.0' ],
20 silly audit   'side-channel-list': [ '1.0.0' ],
20 silly audit   'side-channel-map': [ '1.0.1' ],
20 silly audit   'side-channel-weakmap': [ '1.0.2' ],
20 silly audit   sift: [ '17.1.3' ],
20 silly audit   'signal-exit': [ '3.0.7' ],
20 silly audit   'socket.io': [ '4.8.1' ],
20 silly audit   'socket.io-adapter': [ '2.5.5' ],
20 silly audit   'socket.io-parser': [ '4.2.4' ],
20 silly audit   'sparse-bitfield': [ '3.0.3' ],
20 silly audit   statuses: [ '2.0.1' ],
20 silly audit   string_decoder: [ '1.3.0' ],
20 silly audit   'string-width': [ '4.2.3' ],
20 silly audit   'strip-ansi': [ '6.0.1' ],
20 silly audit   tar: [ '6.2.1' ],
20 silly audit   toidentifier: [ '1.0.1' ],
20 silly audit   'type-is': [ '1.6.18' ],
20 silly audit   'undici-types': [ '6.20.0' ],
20 silly audit   unpipe: [ '1.0.0' ],
20 silly audit   'util-deprecate': [ '1.0.2' ],
20 silly audit   'utils-merge': [ '1.0.1' ],
20 silly audit   vary: [ '1.1.2' ],
20 silly audit   'wide-align': [ '1.1.5' ],
20 silly audit   wrappy: [ '1.0.2' ],
20 silly audit   ws: [ '8.17.1' ],
20 silly audit   yallist: [ '4.0.0' ],
20 silly audit   dotenv: [ '16.4.7' ]
20 silly audit }
21 http fetch POST 200 https://registry.npmjs.org/-/npm/v1/security/advisories/bulk 294ms
22 silly audit report {}
23 verbose cwd C:\ChatApp\backend
24 verbose os Windows_NT 10.0.22631
25 verbose node v22.12.0
26 verbose npm  v11.0.0
27 verbose exit 0
28 info ok
